<?xml version="1.0" encoding="UTF-8"?>
<testng-results ignored="0" total="1" passed="1" failed="0" skipped="0">
  <reporter-output>
  </reporter-output>
  <suite started-at="2023-03-29T17:44:36 IST" name="Suite" finished-at="2023-03-29T17:44:40 IST" duration-ms="3922">
    <groups>
    </groups>
    <test started-at="2023-03-29T17:44:36 IST" name="Test" finished-at="2023-03-29T17:44:40 IST" duration-ms="3922">
      <class name="com.yourstore.testcases.NewTest">
        <test-method is-config="true" signature="launchApplication()[pri:0, instance:com.yourstore.testcases.NewTest@d41f816]" started-at="2023-03-29T17:44:30 IST" name="launchApplication" finished-at="2023-03-29T17:44:36 IST" duration-ms="6028" status="PASS">
          <reporter-output>
          </reporter-output>
        </test-method> <!-- launchApplication -->
        <test-method signature="f()[pri:0, instance:com.yourstore.testcases.NewTest@d41f816]" started-at="2023-03-29T17:44:37 IST" name="f" finished-at="2023-03-29T17:44:40 IST" duration-ms="3372" status="PASS">
          <reporter-output>
          </reporter-output>
        </test-method> <!-- f -->
        <test-method is-config="true" signature="closeApplication()[pri:0, instance:com.yourstore.testcases.NewTest@d41f816]" started-at="2023-03-29T17:44:42 IST" name="closeApplication" finished-at="2023-03-29T17:44:42 IST" duration-ms="226" status="PASS">
          <reporter-output>
          </reporter-output>
        </test-method> <!-- closeApplication -->
      </class> <!-- com.yourstore.testcases.NewTest -->
    </test> <!-- Test -->
  </suite> <!-- Suite -->
</testng-results>
